c:\users\rei\desktop\deltalaunch\project\release\vc142.pdb
c:\users\rei\desktop\deltalaunch\project\release\settingsmenu.obj
c:\users\rei\desktop\deltalaunch\project\release\newsmenu.obj
c:\users\rei\desktop\deltalaunch\project\release\gamefolder.obj
c:\users\rei\desktop\deltalaunch\project\release\game.obj
c:\users\rei\desktop\deltalaunch\project\release\dashboard.obj
c:\users\rei\desktop\deltalaunch\project\release\time.obj
c:\users\rei\desktop\deltalaunch\project\release\settings.obj
c:\users\rei\desktop\deltalaunch\project\release\rnx.obj
c:\users\rei\desktop\deltalaunch\project\release\power.obj
c:\users\rei\desktop\deltalaunch\project\release\network.obj
c:\users\rei\desktop\deltalaunch\project\release\hid.obj
c:\users\rei\desktop\deltalaunch\project\release\app.obj
c:\users\rei\desktop\deltalaunch\project\release\account.obj
c:\users\rei\desktop\deltalaunch\project\release\main.obj
c:\users\rei\desktop\deltalaunch\project\release\threads.obj
c:\users\rei\desktop\deltalaunch\project\release\graphics.obj
c:\users\rei\desktop\deltalaunch\project\release\font.obj
c:\users\rei\desktop\deltalaunch\project\release\engine.obj
c:\users\rei\desktop\deltalaunch\project\release\glad.obj
c:\users\rei\desktop\deltalaunch\project\release\deltalaunch.tlog\cl.command.1.tlog
c:\users\rei\desktop\deltalaunch\project\release\deltalaunch.tlog\cl.read.1.tlog
c:\users\rei\desktop\deltalaunch\project\release\deltalaunch.tlog\cl.write.1.tlog
c:\users\rei\desktop\deltalaunch\project\release\deltalaunch.tlog\link.command.1.tlog
c:\users\rei\desktop\deltalaunch\project\release\deltalaunch.tlog\link.read.1.tlog
c:\users\rei\desktop\deltalaunch\project\release\deltalaunch.tlog\link.write.1.tlog
